[debug] [2025-06-21T09:28:27.688Z] ----------------------------------------------------------------------
[debug] [2025-06-21T09:28:27.733Z] Command:       C:\Program Files\nodejs\node.exe C:\Users\hp\AppData\Roaming\npm\node_modules\firebase-tools\lib\bin\firebase.js init
[debug] [2025-06-21T09:28:27.745Z] CLI Version:   14.8.0
[debug] [2025-06-21T09:28:27.746Z] Platform:      win32
[debug] [2025-06-21T09:28:27.746Z] Node Version:  v22.16.0
[debug] [2025-06-21T09:28:27.760Z] Time:          Sat Jun 21 2025 02:28:27 GMT-0700 (Pacific Daylight Time)
[debug] [2025-06-21T09:28:27.761Z] ----------------------------------------------------------------------
[debug] 
[debug] [2025-06-21T09:28:27.870Z] > command requires scopes: ["email","openid","https://www.googleapis.com/auth/cloudplatformprojects.readonly","https://www.googleapis.com/auth/firebase","https://www.googleapis.com/auth/cloud-platform"]
[debug] [2025-06-21T09:28:27.872Z] > authorizing via signed-in user (nadeembugti30@gmail.com)
[info] 
     ######## #### ########  ######## ########     ###     ######  ########
     ##        ##  ##     ## ##       ##     ##  ##   ##  ##       ##
     ######    ##  ########  ######   ########  #########  ######  ######
     ##        ##  ##    ##  ##       ##     ## ##     ##       ## ##
     ##       #### ##     ## ######## ########  ##     ##  ######  ########

You're about to initialize a Firebase project in this directory:

  C:\Users\hp\Desktop\youtube-bot-site (1)

[info] 
=== Project Setup
[info] 
[info] First, let's associate this project directory with a Firebase project.
[info] You can create multiple project aliases by running firebase use --add, 
[info] but for now we'll just set up a default project.
[info] 
[debug] [2025-06-21T09:30:20.578Z] Checked if tokens are valid: true, expires at: 1750501650362
[debug] [2025-06-21T09:30:20.584Z] Checked if tokens are valid: true, expires at: 1750501650362
[debug] [2025-06-21T09:30:20.610Z] >>> [apiv2][query] GET https://firebase.googleapis.com/v1beta1/projects pageSize=100
[debug] [2025-06-21T09:30:22.494Z] <<< [apiv2][status] GET https://firebase.googleapis.com/v1beta1/projects 200
[debug] [2025-06-21T09:30:22.495Z] <<< [apiv2][body] GET https://firebase.googleapis.com/v1beta1/projects [omitted]
[info] i  Using project tiktok-downlaoder (tiktok downlaoder) 
[info] 
=== Hosting Setup
[debug] [2025-06-21T09:30:29.134Z] Checked if tokens are valid: true, expires at: 1750501650362
[debug] [2025-06-21T09:30:29.135Z] Checked if tokens are valid: true, expires at: 1750501650362
[debug] [2025-06-21T09:30:29.135Z] >>> [apiv2][query] GET https://firebase.googleapis.com/v1beta1/projects/tiktok-downlaoder [none]
[debug] [2025-06-21T09:30:29.920Z] <<< [apiv2][status] GET https://firebase.googleapis.com/v1beta1/projects/tiktok-downlaoder 200
[debug] [2025-06-21T09:30:29.920Z] <<< [apiv2][body] GET https://firebase.googleapis.com/v1beta1/projects/tiktok-downlaoder {"projectId":"tiktok-downlaoder","projectNumber":"795020583320","displayName":"tiktok downlaoder","name":"projects/tiktok-downlaoder","resources":{"hostingSite":"tiktok-downlaoder"},"state":"ACTIVE","etag":"1_e0ee0d63-ab9d-4645-bb03-f3d409b4227f"}
[info] 
[info] Your public directory is the folder (relative to your project directory) that
[info] will contain Hosting assets to be uploaded with firebase deploy. If you
[info] have a build process for your assets, use your build's output directory.
[info] 
[debug] [2025-06-21T09:31:23.968Z] >>> [apiv2][query] GET https://www.gstatic.com/firebasejs/releases.json [none]
[debug] [2025-06-21T09:31:24.399Z] <<< [apiv2][status] GET https://www.gstatic.com/firebasejs/releases.json 200
[debug] [2025-06-21T09:31:24.400Z] <<< [apiv2][body] GET https://www.gstatic.com/firebasejs/releases.json {"current":{"version":"11.9.1","browserURL":"https://www.gstatic.com/firebasejs/11.9.1/firebase.js","packageURL":"https://www.gstatic.com/firebasejs/11.9.1/firebase.tgz"},"live":{"version":"11.9","browserURL":"https://www.gstatic.com/firebasejs/live/11.9/firebase.js","packageURL":"https://www.gstatic.com/firebasejs/live/11.9/firebase.tgz"},"components":{"ai":"https://www.gstatic.com/firebasejs/11.9.1/firebase-ai.js","analytics":"https://www.gstatic.com/firebasejs/11.9.1/firebase-analytics.js","app":"https://www.gstatic.com/firebasejs/11.9.1/firebase-app.js","app-check":"https://www.gstatic.com/firebasejs/11.9.1/firebase-app-check.js","auth":"https://www.gstatic.com/firebasejs/11.9.1/firebase-auth.js","auth/cordova":"https://www.gstatic.com/firebasejs/11.9.1/firebase-auth/cordova.js","auth/web-extension":"https://www.gstatic.com/firebasejs/11.9.1/firebase-auth/web-extension.js","functions":"https://www.gstatic.com/firebasejs/11.9.1/firebase-functions.js","firestore":"https://www.gstatic.com/firebasejs/11.9.1/firebase-firestore.js","firestore/lite":"https://www.gstatic.com/firebasejs/11.9.1/firebase-firestore/lite.js","installations":"https://www.gstatic.com/firebasejs/11.9.1/firebase-installations.js","storage":"https://www.gstatic.com/firebasejs/11.9.1/firebase-storage.js","performance":"https://www.gstatic.com/firebasejs/11.9.1/firebase-performance.js","remote-config":"https://www.gstatic.com/firebasejs/11.9.1/firebase-remote-config.js","messaging":"https://www.gstatic.com/firebasejs/11.9.1/firebase-messaging.js","messaging/sw":"https://www.gstatic.com/firebasejs/11.9.1/firebase-messaging/sw.js","database":"https://www.gstatic.com/firebasejs/11.9.1/firebase-database.js","vertexai":"https://www.gstatic.com/firebasejs/11.9.1/firebase-vertexai.js","data-connect":"https://www.gstatic.com/firebasejs/11.9.1/firebase-data-connect.js","firestore.memory":"https://www.gstatic.com/firebasejs/11.9.1/firebase-firestore.memory.js"}}
[info] +  Wrote public/index.html 
[info] 
[info] i  Didn't detect a .git folder. Assuming C:\Users\hp\Desktop\youtube-bot-site (1) is the project root. 
[info] i  Authorizing with GitHub to upload your service account to a GitHub repository's secrets store. 
[info] 
[info] Visit this URL on this device to log in:
[info] https://github.com/login/oauth/authorize?client_id=89cf50f02ac6aaed3484&state=345994607&redirect_uri=http%3A%2F%2Flocalhost%3A9005&scope=read%3Auser%20repo%20public_repo
[info] 
[info] Waiting for authentication...
[debug] [2025-06-21T09:32:40.208Z] >>> [apiv2][query] POST https://github.com/login/oauth/access_token [none]
[debug] [2025-06-21T09:32:40.209Z] >>> [apiv2][body] POST https://github.com/login/oauth/access_token [stream]
[debug] [2025-06-21T09:32:41.690Z] <<< [apiv2][status] POST https://github.com/login/oauth/access_token 200
[debug] [2025-06-21T09:32:41.692Z] <<< [apiv2][body] POST https://github.com/login/oauth/access_token {"access_token":"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","token_type":"bearer","scope":"read:user,repo"}
[debug] [2025-06-21T09:32:41.816Z] >>> [apiv2][query] GET https://api.github.com/user [none]
[debug] [2025-06-21T09:32:43.526Z] <<< [apiv2][status] GET https://api.github.com/user 200
[debug] [2025-06-21T09:32:43.527Z] <<< [apiv2][body] GET https://api.github.com/user {"login":"Rangwanii0007","id":216408674,"node_id":"U_kgDODOYiYg","avatar_url":"https://avatars.githubusercontent.com/u/216408674?v=4","gravatar_id":"","url":"https://api.github.com/users/Rangwanii0007","html_url":"https://github.com/Rangwanii0007","followers_url":"https://api.github.com/users/Rangwanii0007/followers","following_url":"https://api.github.com/users/Rangwanii0007/following{/other_user}","gists_url":"https://api.github.com/users/Rangwanii0007/gists{/gist_id}","starred_url":"https://api.github.com/users/Rangwanii0007/starred{/owner}{/repo}","subscriptions_url":"https://api.github.com/users/Rangwanii0007/subscriptions","organizations_url":"https://api.github.com/users/Rangwanii0007/orgs","repos_url":"https://api.github.com/users/Rangwanii0007/repos","events_url":"https://api.github.com/users/Rangwanii0007/events{/privacy}","received_events_url":"https://api.github.com/users/Rangwanii0007/received_events","type":"User","user_view_type":"private","site_admin":false,"name":null,"company":null,"blog":"","location":null,"email":null,"hireable":null,"bio":null,"twitter_username":null,"notification_email":null,"public_repos":24,"public_gists":0,"followers":0,"following":0,"created_at":"2025-06-15T13:37:13Z","updated_at":"2025-06-15T13:37:17Z","private_gists":0,"total_private_repos":0,"owned_private_repos":0,"disk_usage":487,"collaborators":0,"two_factor_authentication":false,"plan":{"name":"free","space":976562499,"collaborators":0,"private_repos":10000}}
[info] 
[info] +  Success! Logged into GitHub as Rangwanii0007 
[info] 
[debug] [2025-06-21T09:34:25.623Z] >>> [apiv2][query] GET https://api.github.com/repos/ nadeem33/actions/secrets/public-key type=owner
[debug] [2025-06-21T09:34:31.584Z] <<< [apiv2][status] GET https://api.github.com/repos/ nadeem33/actions/secrets/public-key 404
[debug] [2025-06-21T09:34:31.585Z] <<< [apiv2][body] GET https://api.github.com/repos/ nadeem33/actions/secrets/public-key {"message":"Not Found","documentation_url":"https://docs.github.com/rest","status":"404"}
[info] 
[info] 
[error] !  The provided authorization cannot be used with this repository. If this repository is in an organization, did you remember to grant access? 
[info] 
[info] i  Action required: Visit this URL to ensure access has been granted to the appropriate organization(s) for the Firebase CLI GitHub OAuth App: 
[info] https://github.com/settings/connections/applications/89cf50f02ac6aaed3484
[info] 
[debug] [2025-06-21T09:35:02.777Z] >>> [apiv2][query] GET https://api.github.com/repos/ rangwanii0007/nadeem33/actions/secrets/public-key type=owner
[debug] [2025-06-21T09:35:06.281Z] <<< [apiv2][status] GET https://api.github.com/repos/ rangwanii0007/nadeem33/actions/secrets/public-key 404
[debug] [2025-06-21T09:35:06.282Z] <<< [apiv2][body] GET https://api.github.com/repos/ rangwanii0007/nadeem33/actions/secrets/public-key {"message":"Not Found","documentation_url":"https://docs.github.com/rest/actions/secrets#get-a-repository-public-key","status":"404"}
[info] 
[info] 
[error] !  The provided authorization cannot be used with this repository. If this repository is in an organization, did you remember to grant access? 
[info] 
[info] i  Action required: Visit this URL to ensure access has been granted to the appropriate organization(s) for the Firebase CLI GitHub OAuth App: 
[info] https://github.com/settings/connections/applications/89cf50f02ac6aaed3484
[info] 
[debug] [2025-06-21T09:35:45.224Z] >>> [apiv2][query] GET https://api.github.com/repos/github.com/Rangwanii0007/nadeem33/actions/secrets/public-key type=owner
[debug] [2025-06-21T09:35:45.738Z] <<< [apiv2][status] GET https://api.github.com/repos/github.com/Rangwanii0007/nadeem33/actions/secrets/public-key 404
[debug] [2025-06-21T09:35:45.738Z] <<< [apiv2][body] GET https://api.github.com/repos/github.com/Rangwanii0007/nadeem33/actions/secrets/public-key {"message":"Not Found","documentation_url":"https://docs.github.com/rest","status":"404"}
[info] 
[info] 
[error] !  The provided authorization cannot be used with this repository. If this repository is in an organization, did you remember to grant access? 
[info] 
[info] i  Action required: Visit this URL to ensure access has been granted to the appropriate organization(s) for the Firebase CLI GitHub OAuth App: 
[info] https://github.com/settings/connections/applications/89cf50f02ac6aaed3484
[info] 
[debug] [2025-06-21T09:36:13.805Z] >>> [apiv2][query] GET https://api.github.com/repos/ls/actions/secrets/public-key type=owner
[debug] [2025-06-21T09:36:14.521Z] <<< [apiv2][status] GET https://api.github.com/repos/ls/actions/secrets/public-key 404
[debug] [2025-06-21T09:36:14.521Z] <<< [apiv2][body] GET https://api.github.com/repos/ls/actions/secrets/public-key {"message":"Not Found","documentation_url":"https://docs.github.com/rest","status":"404"}
[info] 
[info] 
[error] !  The provided authorization cannot be used with this repository. If this repository is in an organization, did you remember to grant access? 
[info] 
[info] i  Action required: Visit this URL to ensure access has been granted to the appropriate organization(s) for the Firebase CLI GitHub OAuth App: 
[info] https://github.com/settings/connections/applications/89cf50f02ac6aaed3484
[info] 
[debug] [2025-06-21T09:37:53.737Z] >>> [apiv2][query] GET https://api.github.com/repos/nadeem33/actions/secrets/public-key type=owner
[debug] [2025-06-21T09:37:58.741Z] <<< [apiv2][status] GET https://api.github.com/repos/nadeem33/actions/secrets/public-key 404
[debug] [2025-06-21T09:37:58.746Z] <<< [apiv2][body] GET https://api.github.com/repos/nadeem33/actions/secrets/public-key {"message":"Not Found","documentation_url":"https://docs.github.com/rest","status":"404"}
[info] 
[info] 
[error] !  The provided authorization cannot be used with this repository. If this repository is in an organization, did you remember to grant access? 
[info] 
[info] i  Action required: Visit this URL to ensure access has been granted to the appropriate organization(s) for the Firebase CLI GitHub OAuth App: 
[info] https://github.com/settings/connections/applications/89cf50f02ac6aaed3484
[info] 
